12:22:34 **** Clean-only build of configuration Debug for project tateti ****
make clean 
rm -rf  ./src/main.o ./src/tictactoe.o  ./src/main.d  ./src/tictactoe.d  tateti
 
12:22:34 **** Incremental Build of configuration Debug for project tateti ****
make all 
Building file: ../src/main.cpp
Invoking: GCC C++ Compiler
g++ -O0 -g3 -Wall -c -fmessage-length=0 -MMD -MP -MF"src/main.d" -MT"src/main.d" -o "src/main.o" "../src/main.cpp"
Finished building: ../src/main.cpp
 
Building file: ../src/tictactoe.cpp
Invoking: GCC C++ Compiler
g++ -O0 -g3 -Wall -c -fmessage-length=0 -MMD -MP -MF"src/tictactoe.d" -MT"src/tictactoe.d" -o "src/tictactoe.o" "../src/tictactoe.cpp"
Finished building: ../src/tictactoe.cpp
 
Building target: tateti
Invoking: GCC C++ Linker
g++  -o "tateti"  ./src/main.o ./src/tictactoe.o   
Finished building target: tateti
 
12:22:37 **** Incremental Build of configuration Debug for project tateti ****
make all 
make: Nothing to be done for `all'.
12:29:08 **** Incremental Build of configuration Debug for project tateti ****
make all 
Building file: ../src/tictactoe.cpp
Invoking: GCC C++ Compiler
g++ -O0 -g3 -Wall -c -fmessage-length=0 -MMD -MP -MF"src/tictactoe.d" -MT"src/tictactoe.d" -o "src/tictactoe.o" "../src/tictactoe.cpp"
../src/tictactoe.cpp: In function ‘void print(TicTacToe)’:
../src/tictactoe.cpp:35:7: error: no match for ‘operator<<’ (operand types are ‘std::ostream {aka std::basic_ostream<char>}’ and ‘void’)
  cout << printCell(0, t[0]) << "|" << printCell(1, t[1]) << "|" << printCell(2, t[2]) << endl;
       ^
../src/tictactoe.cpp:35:7: note: candidates are:
In file included from /usr/include/c++/4.8/iostream:39:0,
                 from ../src/tictactoe.cpp:1:
/usr/include/c++/4.8/ostream:108:7: note: std::basic_ostream<_CharT, _Traits>::__ostream_type& std::basic_ostream<_CharT, _Traits>::operator<<(std::basic_ostream<_CharT, _Traits>::__ostream_type& (*)(std::basic_ostream<_CharT, _Traits>::__ostream_type&)) [with _CharT = char; _Traits = std::char_traits<char>; std::basic_ostream<_CharT, _Traits>::__ostream_type = std::basic_ostream<char>]
       operator<<(__ostream_type& (*__pf)(__ostream_type&))
       ^
/usr/include/c++/4.8/ostream:108:7: note:   no known conversion for argument 1 from ‘void’ to ‘std::basic_ostream<char>::__ostream_type& (*)(std::basic_ostream<char>::__ostream_type&) {aka std::basic_ostream<char>& (*)(std::basic_ostream<char>&)}’
/usr/include/c++/4.8/ostream:117:7: note: std::basic_ostream<_CharT, _Traits>::__ostream_type& std::basic_ostream<_CharT, _Traits>::operator<<(std::basic_ostream<_CharT, _Traits>::__ios_type& (*)(std::basic_ostream<_CharT, _Traits>::__ios_type&)) [with _CharT = char; _Traits = std::char_traits<char>; std::basic_ostream<_CharT, _Traits>::__ostream_type = std::basic_ostream<char>; std::basic_ostream<_CharT, _Traits>::__ios_type = std::basic_ios<char>]
       operator<<(__ios_type& (*__pf)(__ios_type&))
       ^
/usr/include/c++/4.8/ostream:117:7: note:   no known conversion for argument 1 from ‘void’ to ‘std::basic_ostream<char>::__ios_type& (*)(std::basic_ostream<char>::__ios_type&) {aka std::basic_ios<char>& (*)(std::basic_ios<char>&)}’
/usr/include/c++/4.8/ostream:127:7: note: std::basic_ostream<_CharT, _Traits>::__ostream_type& std::basic_ostream<_CharT, _Traits>::operator<<(std::ios_base& (*)(std::ios_base&)) [with _CharT = char; _Traits = std::char_traits<char>; std::basic_ostream<_CharT, _Traits>::__ostream_type = std::basic_ostream<char>]
       operator<<(ios_base& (*__pf) (ios_base&))
       ^
/usr/include/c++/4.8/ostream:127:7: note:   no known conversion for argument 1 from ‘void’ to ‘std::ios_base& (*)(std::ios_base&)’
/usr/include/c++/4.8/ostream:166:7: note: std::basic_ostream<_CharT, _Traits>::__ostream_type& std::basic_ostream<_CharT, _Traits>::operator<<(long int) [with _CharT = char; _Traits = std::char_traits<char>; std::basic_ostream<_CharT, _Traits>::__ostream_type = std::basic_ostream<char>]
       operator<<(long __n)
       ^
/usr/include/c++/4.8/ostream:166:7: note:   no known conversion for argument 1 from ‘void’ to ‘long int’
/usr/include/c++/4.8/ostream:170:7: note: std::basic_ostream<_CharT, _Traits>::__ostream_type& std::basic_ostream<_CharT, _Traits>::operator<<(long unsigned int) [with _CharT = char; _Traits = std::char_traits<char>; std::basic_ostream<_CharT, _Traits>::__ostream_type = std::basic_ostream<char>]
       operator<<(unsigned long __n)
       ^
/usr/include/c++/4.8/ostream:170:7: note:   no known conversion for argument 1 from ‘void’ to ‘long unsigned int’
/usr/include/c++/4.8/ostream:174:7: note: std::basic_ostream<_CharT, _Traits>::__ostream_type& std::basic_ostream<_CharT, _Traits>::operator<<(bool) [with _CharT = char; _Traits = std::char_traits<char>; std::basic_ostream<_CharT, _Traits>::__ostream_type = std::basic_ostream<char>]
       operator<<(bool __n)
       ^
/usr/include/c++/4.8/ostream:174:7: note:   no known conversion for argument 1 from ‘void’ to ‘bool’
In file included from /usr/include/c++/4.8/ostream:609:0,
                 from /usr/include/c++/4.8/iostream:39,
                 from ../src/tictactoe.cpp:1:
/usr/include/c++/4.8/bits/ostream.tcc:91:5: note: std::basic_ostream<_CharT, _Traits>& std::basic_ostream<_CharT, _Traits>::operator<<(short int) [with _CharT = char; _Traits = std::char_traits<char>]
     basic_ostream<_CharT, _Traits>::
     ^
/usr/include/c++/4.8/bits/ostream.tcc:91:5: note:   no known conversion for argument 1 from ‘void’ to ‘short int’
In file included from /usr/include/c++/4.8/iostream:39:0,
                 from ../src/tictactoe.cpp:1:
/usr/include/c++/4.8/ostream:181:7: note: std::basic_ostream<_CharT, _Traits>::__ostream_type& std::basic_ostream<_CharT, _Traits>::operator<<(short unsigned int) [with _CharT = char; _Traits = std::char_traits<char>; std::basic_ostream<_CharT, _Traits>::__ostream_type = std::basic_ostream<char>]
       operator<<(unsigned short __n)
       ^
/usr/include/c++/4.8/ostream:181:7: note:   no known conversion for argument 1 from ‘void’ to ‘short unsigned int’
In file included from /usr/include/c++/4.8/ostream:609:0,
                 from /usr/include/c++/4.8/iostream:39,
                 from ../src/tictactoe.cpp:1:
/usr/include/c++/4.8/bits/ostream.tcc:105:5: note: std::basic_ostream<_CharT, _Traits>& std::basic_ostream<_CharT, _Traits>::operator<<(int) [with _CharT = char; _Traits = std::char_traits<char>]
     basic_ostream<_CharT, _Traits>::
     ^
/usr/include/c++/4.8/bits/ostream.tcc:105:5: note:   no known conversion for argument 1 from ‘void’ to ‘int’
In file included from /usr/include/c++/4.8/iostream:39:0,
                 from ../src/tictactoe.cpp:1:
/usr/include/c++/4.8/ostream:192:7: note: std::basic_ostream<_CharT, _Traits>::__ostream_type& std::basic_ostream<_CharT, _Traits>::operator<<(unsigned int) [with _CharT = char; _Traits = std::char_traits<char>; std::basic_ostream<_CharT, _Traits>::__ostream_type = std::basic_ostream<char>]
       operator<<(unsigned int __n)
       ^
/usr/include/c++/4.8/ostream:192:7: note:   no known conversion for argument 1 from ‘void’ to ‘unsigned int’
/usr/include/c++/4.8/ostream:201:7: note: std::basic_ostream<_CharT, _Traits>::__ostream_type& std::basic_ostream<_CharT, _Traits>::operator<<(long long int) [with _CharT = char; _Traits = std::char_traits<char>; std::basic_ostream<_CharT, _Traits>::__ostream_type = std::basic_ostream<char>]
       operator<<(long long __n)
       ^
/usr/include/c++/4.8/ostream:201:7: note:   no known conversion for argument 1 from ‘void’ to ‘long long int’
/usr/include/c++/4.8/ostream:205:7: note: std::basic_ostream<_CharT, _Traits>::__ostream_type& std::basic_ostream<_CharT, _Traits>::operator<<(long long unsigned int) [with _CharT = char; _Traits = std::char_traits<char>; std::basic_ostream<_CharT, _Traits>::__ostream_type = std::basic_ostream<char>]
       operator<<(unsigned long long __n)
       ^
/usr/include/c++/4.8/ostream:205:7: note:   no known conversion for argument 1 from ‘void’ to ‘long long unsigned int’
/usr/include/c++/4.8/ostream:220:7: note: std::basic_ostream<_CharT, _Traits>::__ostream_type& std::basic_ostream<_CharT, _Traits>::operator<<(double) [with _CharT = char; _Traits = std::char_traits<char>; std::basic_ostream<_CharT, _Traits>::__ostream_type = std::basic_ostream<char>]
       operator<<(double __f)
       ^
/usr/include/c++/4.8/ostream:220:7: note:   no known conversion for argument 1 from ‘void’ to ‘double’
/usr/include/c++/4.8/ostream:224:7: note: std::basic_ostream<_CharT, _Traits>::__ostream_type& std::basic_ostream<_CharT, _Traits>::operator<<(float) [with _CharT = char; _Traits = std::char_traits<char>; std::basic_ostream<_CharT, _Traits>::__ostream_type = std::basic_ostream<char>]
       operator<<(float __f)
       ^
/usr/include/c++/4.8/ostream:224:7: note:   no known conversion for argument 1 from ‘void’ to ‘float’
/usr/include/c++/4.8/ostream:232:7: note: std::basic_ostream<_CharT, _Traits>::__ostream_type& std::basic_ostream<_CharT, _Traits>::operator<<(long double) [with _CharT = char; _Traits = std::char_traits<char>; std::basic_ostream<_CharT, _Traits>::__ostream_type = std::basic_ostream<char>]
       operator<<(long double __f)
       ^
/usr/include/c++/4.8/ostream:232:7: note:   no known conversion for argument 1 from ‘void’ to ‘long double’
/usr/include/c++/4.8/ostream:245:7: note: std::basic_ostream<_CharT, _Traits>::__ostream_type& std::basic_ostream<_CharT, _Traits>::operator<<(const void*) [with _CharT = char; _Traits = std::char_traits<char>; std::basic_ostream<_CharT, _Traits>::__ostream_type = std::basic_ostream<char>]
       operator<<(const void* __p)
       ^
/usr/include/c++/4.8/ostream:245:7: note:   no known conversion for argument 1 from ‘void’ to ‘const void*’
In file included from /usr/include/c++/4.8/ostream:609:0,
                 from /usr/include/c++/4.8/iostream:39,
                 from ../src/tictactoe.cpp:1:
/usr/include/c++/4.8/bits/ostream.tcc:119:5: note: std::basic_ostream<_CharT, _Traits>& std::basic_ostream<_CharT, _Traits>::operator<<(std::basic_ostream<_CharT, _Traits>::__streambuf_type*) [with _CharT = char; _Traits = std::char_traits<char>; std::basic_ostream<_CharT, _Traits>::__streambuf_type = std::basic_streambuf<char>]
     basic_ostream<_CharT, _Traits>::
     ^
/usr/include/c++/4.8/bits/ostream.tcc:119:5: note:   no known conversion for argument 1 from ‘void’ to ‘std::basic_ostream<char>::__streambuf_type* {aka std::basic_streambuf<char>*}’
In file included from /usr/include/c++/4.8/string:52:0,
                 from /usr/include/c++/4.8/bits/locale_classes.h:40,
                 from /usr/include/c++/4.8/bits/ios_base.h:41,
                 from /usr/include/c++/4.8/ios:42,
                 from /usr/include/c++/4.8/ostream:38,
                 from /usr/include/c++/4.8/iostream:39,
                 from ../src/tictactoe.cpp:1:
/usr/include/c++/4.8/bits/basic_string.h:2753:5: note: template<class _CharT, class _Traits, class _Alloc> std::basic_ostream<_CharT, _Traits>& std::operator<<(std::basic_ostream<_CharT, _Traits>&, const std::basic_string<_CharT, _Traits, _Alloc>&)
     operator<<(basic_ostream<_CharT, _Traits>& __os,
     ^
/usr/include/c++/4.8/bits/basic_string.h:2753:5: note:   template argument deduction/substitution failed:
../src/tictactoe.cpp:35:27: note:   mismatched types ‘const std::basic_string<_CharT, _Traits, _Alloc>’ and ‘void’
  cout << printCell(0, t[0]) << "|" << printCell(1, t[1]) << "|" << printCell(2, t[2]) << endl;
                           ^
In file included from /usr/include/c++/4.8/iostream:39:0,
                 from ../src/tictactoe.cpp:1:
/usr/include/c++/4.8/ostream:471:5: note: template<class _CharT, class _Traits> std::basic_ostream<_CharT, _Traits>& std::operator<<(std::basic_ostream<_CharT, _Traits>&, _CharT)
     operator<<(basic_ostream<_CharT, _Traits>& __out, _CharT __c)
     ^
/usr/include/c++/4.8/ostream:471:5: note:   template argument deduction/substitution failed:
../src/tictactoe.cpp:35:27: note:   deduced conflicting types for parameter ‘_CharT’ (‘char’ and ‘void’)
  cout << printCell(0, t[0]) << "|" << printCell(1, t[1]) << "|" << printCell(2, t[2]) << endl;
                           ^
In file included from /usr/include/c++/4.8/iostream:39:0,
                 from ../src/tictactoe.cpp:1:
/usr/include/c++/4.8/ostream:476:5: note: template<class _CharT, class _Traits> std::basic_ostream<_CharT, _Traits>& std::operator<<(std::basic_ostream<_CharT, _Traits>&, char)
     operator<<(basic_ostream<_CharT, _Traits>& __out, char __c)
     ^
/usr/include/c++/4.8/ostream:476:5: note:   template argument deduction/substitution failed:
../src/tictactoe.cpp:35:27: note:   cannot convert ‘printCell(0, (* t))’ (type ‘void’) to type ‘char’
  cout << printCell(0, t[0]) << "|" << printCell(1, t[1]) << "|" << printCell(2, t[2]) << endl;
                           ^
In file included from /usr/include/c++/4.8/iostream:39:0,
                 from ../src/tictactoe.cpp:1:
/usr/include/c++/4.8/ostream:482:5: note: template<class _Traits> std::basic_ostream<char, _Traits>& std::operator<<(std::basic_ostream<char, _Traits>&, char)
     operator<<(basic_ostream<char, _Traits>& __out, char __c)
     ^
/usr/include/c++/4.8/ostream:482:5: note:   template argument deduction/substitution failed:
../src/tictactoe.cpp:35:27: note:   cannot convert ‘printCell(0, (* t))’ (type ‘void’) to type ‘char’
  cout << printCell(0, t[0]) << "|" << printCell(1, t[1]) << "|" << printCell(2, t[2]) << endl;
                           ^
In file included from /usr/include/c++/4.8/iostream:39:0,
                 from ../src/tictactoe.cpp:1:
/usr/include/c++/4.8/ostream:488:5: note: template<class _Traits> std::basic_ostream<char, _Traits>& std::operator<<(std::basic_ostream<char, _Traits>&, signed char)
     operator<<(basic_ostream<char, _Traits>& __out, signed char __c)
     ^
/usr/include/c++/4.8/ostream:488:5: note:   template argument deduction/substitution failed:
../src/tictactoe.cpp:35:27: note:   cannot convert ‘printCell(0, (* t))’ (type ‘void’) to type ‘signed char’
  cout << printCell(0, t[0]) << "|" << printCell(1, t[1]) << "|" << printCell(2, t[2]) << endl;
                           ^
In file included from /usr/include/c++/4.8/iostream:39:0,
                 from ../src/tictactoe.cpp:1:
/usr/include/c++/4.8/ostream:493:5: note: template<class _Traits> std::basic_ostream<char, _Traits>& std::operator<<(std::basic_ostream<char, _Traits>&, unsigned char)
     operator<<(basic_ostream<char, _Traits>& __out, unsigned char __c)
     ^
/usr/include/c++/4.8/ostream:493:5: note:   template argument deduction/substitution failed:
../src/tictactoe.cpp:35:27: note:   cannot convert ‘printCell(0, (* t))’ (type ‘void’) to type ‘unsigned char’
  cout << printCell(0, t[0]) << "|" << printCell(1, t[1]) << "|" << printCell(2, t[2]) << endl;
                           ^
In file included from /usr/include/c++/4.8/iostream:39:0,
                 from ../src/tictactoe.cpp:1:
/usr/include/c++/4.8/ostream:513:5: note: template<class _CharT, class _Traits> std::basic_ostream<_CharT, _Traits>& std::operator<<(std::basic_ostream<_CharT, _Traits>&, const _CharT*)
     operator<<(basic_ostream<_CharT, _Traits>& __out, const _CharT* __s)
     ^
/usr/include/c++/4.8/ostream:513:5: note:   template argument deduction/substitution failed:
../src/tictactoe.cpp:35:27: note:   mismatched types ‘const _CharT*’ and ‘void’
  cout << printCell(0, t[0]) << "|" << printCell(1, t[1]) << "|" << printCell(2, t[2]) << endl;
                           ^
In file included from /usr/include/c++/4.8/ostream:609:0,
                 from /usr/include/c++/4.8/iostream:39,
                 from ../src/tictactoe.cpp:1:
/usr/include/c++/4.8/bits/ostream.tcc:321:5: note: template<class _CharT, class _Traits> std::basic_ostream<_CharT, _Traits>& std::operator<<(std::basic_ostream<_CharT, _Traits>&, const char*)
     operator<<(basic_ostream<_CharT, _Traits>& __out, const char* __s)
     ^
/usr/include/c++/4.8/bits/ostream.tcc:321:5: note:   template argument deduction/substitution failed:
../src/tictactoe.cpp:35:27: note:   cannot convert ‘printCell(0, (* t))’ (type ‘void’) to type ‘const char*’
  cout << printCell(0, t[0]) << "|" << printCell(1, t[1]) << "|" << printCell(2, t[2]) << endl;
                           ^
In file included from /usr/include/c++/4.8/iostream:39:0,
                 from ../src/tictactoe.cpp:1:
/usr/include/c++/4.8/ostream:530:5: note: template<class _Traits> std::basic_ostream<char, _Traits>& std::operator<<(std::basic_ostream<char, _Traits>&, const char*)
     operator<<(basic_ostream<char, _Traits>& __out, const char* __s)
     ^
/usr/include/c++/4.8/ostream:530:5: note:   template argument deduction/substitution failed:
../src/tictactoe.cpp:35:27: note:   cannot convert ‘printCell(0, (* t))’ (type ‘void’) to type ‘const char*’
  cout << printCell(0, t[0]) << "|" << printCell(1, t[1]) << "|" << printCell(2, t[2]) << endl;
                           ^
In file included from /usr/include/c++/4.8/iostream:39:0,
                 from ../src/tictactoe.cpp:1:
/usr/include/c++/4.8/ostream:543:5: note: template<class _Traits> std::basic_ostream<char, _Traits>& std::operator<<(std::basic_ostream<char, _Traits>&, const signed char*)
     operator<<(basic_ostream<char, _Traits>& __out, const signed char* __s)
     ^
/usr/include/c++/4.8/ostream:543:5: note:   template argument deduction/substitution failed:
../src/tictactoe.cpp:35:27: note:   cannot convert ‘printCell(0, (* t))’ (type ‘void’) to type ‘const signed char*’
  cout << printCell(0, t[0]) << "|" << printCell(1, t[1]) << "|" << printCell(2, t[2]) << endl;
                           ^
In file included from /usr/include/c++/4.8/iostream:39:0,
                 from ../src/tictactoe.cpp:1:
/usr/include/c++/4.8/ostream:548:5: note: template<class _Traits> std::basic_ostream<char, _Traits>& std::operator<<(std::basic_ostream<char, _Traits>&, const unsigned char*)
     operator<<(basic_ostream<char, _Traits>& __out, const unsigned char* __s)
     ^
/usr/include/c++/4.8/ostream:548:5: note:   template argument deduction/substitution failed:
../src/tictactoe.cpp:35:27: note:   cannot convert ‘printCell(0, (* t))’ (type ‘void’) to type ‘const unsigned char*’
  cout << printCell(0, t[0]) << "|" << printCell(1, t[1]) << "|" << printCell(2, t[2]) << endl;
                           ^
../src/tictactoe.cpp:36:7: error: no match for ‘operator<<’ (operand types are ‘std::ostream {aka std::basic_ostream<char>}’ and ‘void’)
  cout << printCell(3, t[3]) << "|" << printCell(4, t[4]) << "|" << printCell(5, t[5]) << endl;
       ^
../src/tictactoe.cpp:36:7: note: candidates are:
In file included from /usr/include/c++/4.8/iostream:39:0,
                 from ../src/tictactoe.cpp:1:
/usr/include/c++/4.8/ostream:108:7: note: std::basic_ostream<_CharT, _Traits>::__ostream_type& std::basic_ostream<_CharT, _Traits>::operator<<(std::basic_ostream<_CharT, _Traits>::__ostream_type& (*)(std::basic_ostream<_CharT, _Traits>::__ostream_type&)) [with _CharT = char; _Traits = std::char_traits<char>; std::basic_ostream<_CharT, _Traits>::__ostream_type = std::basic_ostream<char>]
       operator<<(__ostream_type& (*__pf)(__ostream_type&))
       ^
/usr/include/c++/4.8/ostream:108:7: note:   no known conversion for argument 1 from ‘void’ to ‘std::basic_ostream<char>::__ostream_type& (*)(std::basic_ostream<char>::__ostream_type&) {aka std::basic_ostream<char>& (*)(std::basic_ostream<char>&)}’
/usr/include/c++/4.8/ostream:117:7: note: std::basic_ostream<_CharT, _Traits>::__ostream_type& std::basic_ostream<_CharT, _Traits>::operator<<(std::basic_ostream<_CharT, _Traits>::__ios_type& (*)(std::basic_ostream<_CharT, _Traits>::__ios_type&)) [with _CharT = char; _Traits = std::char_traits<char>; std::basic_ostream<_CharT, _Traits>::__ostream_type = std::basic_ostream<char>; std::basic_ostream<_CharT, _Traits>::__ios_type = std::basic_ios<char>]
       operator<<(__ios_type& (*__pf)(__ios_type&))
       ^
/usr/include/c++/4.8/ostream:117:7: note:   no known conversion for argument 1 from ‘void’ to ‘std::basic_ostream<char>::__ios_type& (*)(std::basic_ostream<char>::__ios_type&) {aka std::basic_ios<char>& (*)(std::basic_ios<char>&)}’
/usr/include/c++/4.8/ostream:127:7: note: std::basic_ostream<_CharT, _Traits>::__ostream_type& std::basic_ostream<_CharT, _Traits>::operator<<(std::ios_base& (*)(std::ios_base&)) [with _CharT = char; _Traits = std::char_traits<char>; std::basic_ostream<_CharT, _Traits>::__ostream_type = std::basic_ostream<char>]
       operator<<(ios_base& (*__pf) (ios_base&))
       ^
/usr/include/c++/4.8/ostream:127:7: note:   no known conversion for argument 1 from ‘void’ to ‘std::ios_base& (*)(std::ios_base&)’
/usr/include/c++/4.8/ostream:166:7: note: std::basic_ostream<_CharT, _Traits>::__ostream_type& std::basic_ostream<_CharT, _Traits>::operator<<(long int) [with _CharT = char; _Traits = std::char_traits<char>; std::basic_ostream<_CharT, _Traits>::__ostream_type = std::basic_ostream<char>]
       operator<<(long __n)
       ^
/usr/include/c++/4.8/ostream:166:7: note:   no known conversion for argument 1 from ‘void’ to ‘long int’
/usr/include/c++/4.8/ostream:170:7: note: std::basic_ostream<_CharT, _Traits>::__ostream_type& std::basic_ostream<_CharT, _Traits>::operator<<(long unsigned int) [with _CharT = char; _Traits = std::char_traits<char>; std::basic_ostream<_CharT, _Traits>::__ostream_type = std::basic_ostream<char>]
       operator<<(unsigned long __n)
       ^
/usr/include/c++/4.8/ostream:170:7: note:   no known conversion for argument 1 from ‘void’ to ‘long unsigned int’
/usr/include/c++/4.8/ostream:174:7: note: std::basic_ostream<_CharT, _Traits>::__ostream_type& std::basic_ostream<_CharT, _Traits>::operator<<(bool) [with _CharT = char; _Traits = std::char_traits<char>; std::basic_ostream<_CharT, _Traits>::__ostream_type = std::basic_ostream<char>]
       operator<<(bool __n)
       ^
/usr/include/c++/4.8/ostream:174:7: note:   no known conversion for argument 1 from ‘void’ to ‘bool’
In file included from /usr/include/c++/4.8/ostream:609:0,
                 from /usr/include/c++/4.8/iostream:39,
                 from ../src/tictactoe.cpp:1:
/usr/include/c++/4.8/bits/ostream.tcc:91:5: note: std::basic_ostream<_CharT, _Traits>& std::basic_ostream<_CharT, _Traits>::operator<<(short int) [with _CharT = char; _Traits = std::char_traits<char>]
     basic_ostream<_CharT, _Traits>::
     ^
/usr/include/c++/4.8/bits/ostream.tcc:91:5: note:   no known conversion for argument 1 from ‘void’ to ‘short int’
In file included from /usr/include/c++/4.8/iostream:39:0,
                 from ../src/tictactoe.cpp:1:
/usr/include/c++/4.8/ostream:181:7: note: std::basic_ostream<_CharT, _Traits>::__ostream_type& std::basic_ostream<_CharT, _Traits>::operator<<(short unsigned int) [with _CharT = char; _Traits = std::char_traits<char>; std::basic_ostream<_CharT, _Traits>::__ostream_type = std::basic_ostream<char>]
       operator<<(unsigned short __n)
       ^
/usr/include/c++/4.8/ostream:181:7: note:   no known conversion for argument 1 from ‘void’ to ‘short unsigned int’
In file included from /usr/include/c++/4.8/ostream:609:0,
                 from /usr/include/c++/4.8/iostream:39,
                 from ../src/tictactoe.cpp:1:
/usr/include/c++/4.8/bits/ostream.tcc:105:5: note: std::basic_ostream<_CharT, _Traits>& std::basic_ostream<_CharT, _Traits>::operator<<(int) [with _CharT = char; _Traits = std::char_traits<char>]
     basic_ostream<_CharT, _Traits>::
     ^
/usr/include/c++/4.8/bits/ostream.tcc:105:5: note:   no known conversion for argument 1 from ‘void’ to ‘int’
In file included from /usr/include/c++/4.8/iostream:39:0,
                 from ../src/tictactoe.cpp:1:
/usr/include/c++/4.8/ostream:192:7: note: std::basic_ostream<_CharT, _Traits>::__ostream_type& std::basic_ostream<_CharT, _Traits>::operator<<(unsigned int) [with _CharT = char; _Traits = std::char_traits<char>; std::basic_ostream<_CharT, _Traits>::__ostream_type = std::basic_ostream<char>]
       operator<<(unsigned int __n)
       ^
/usr/include/c++/4.8/ostream:192:7: note:   no known conversion for argument 1 from ‘void’ to ‘unsigned int’
/usr/include/c++/4.8/ostream:201:7: note: std::basic_ostream<_CharT, _Traits>::__ostream_type& std::basic_ostream<_CharT, _Traits>::operator<<(long long int) [with _CharT = char; _Traits = std::char_traits<char>; std::basic_ostream<_CharT, _Traits>::__ostream_type = std::basic_ostream<char>]
       operator<<(long long __n)
       ^
/usr/include/c++/4.8/ostream:201:7: note:   no known conversion for argument 1 from ‘void’ to ‘long long int’
/usr/include/c++/4.8/ostream:205:7: note: std::basic_ostream<_CharT, _Traits>::__ostream_type& std::basic_ostream<_CharT, _Traits>::operator<<(long long unsigned int) [with _CharT = char; _Traits = std::char_traits<char>; std::basic_ostream<_CharT, _Traits>::__ostream_type = std::basic_ostream<char>]
       operator<<(unsigned long long __n)
       ^
/usr/include/c++/4.8/ostream:205:7: note:   no known conversion for argument 1 from ‘void’ to ‘long long unsigned int’
/usr/include/c++/4.8/ostream:220:7: note: std::basic_ostream<_CharT, _Traits>::__ostream_type& std::basic_ostream<_CharT, _Traits>::operator<<(double) [with _CharT = char; _Traits = std::char_traits<char>; std::basic_ostream<_CharT, _Traits>::__ostream_type = std::basic_ostream<char>]
       operator<<(double __f)
       ^
/usr/include/c++/4.8/ostream:220:7: note:   no known conversion for argument 1 from ‘void’ to ‘double’
/usr/include/c++/4.8/ostream:224:7: note: std::basic_ostream<_CharT, _Traits>::__ostream_type& std::basic_ostream<_CharT, _Traits>::operator<<(float) [with _CharT = char; _Traits = std::char_traits<char>; std::basic_ostream<_CharT, _Traits>::__ostream_type = std::basic_ostream<char>]
       operator<<(float __f)
       ^
/usr/include/c++/4.8/ostream:224:7: note:   no known conversion for argument 1 from ‘void’ to ‘float’
/usr/include/c++/4.8/ostream:232:7: note: std::basic_ostream<_CharT, _Traits>::__ostream_type& std::basic_ostream<_CharT, _Traits>::operator<<(long double) [with _CharT = char; _Traits = std::char_traits<char>; std::basic_ostream<_CharT, _Traits>::__ostream_type = std::basic_ostream<char>]
       operator<<(long double __f)
       ^
/usr/include/c++/4.8/ostream:232:7: note:   no known conversion for argument 1 from ‘void’ to ‘long double’
/usr/include/c++/4.8/ostream:245:7: note: std::basic_ostream<_CharT, _Traits>::__ostream_type& std::basic_ostream<_CharT, _Traits>::operator<<(const void*) [with _CharT = char; _Traits = std::char_traits<char>; std::basic_ostream<_CharT, _Traits>::__ostream_type = std::basic_ostream<char>]
       operator<<(const void* __p)
       ^
/usr/include/c++/4.8/ostream:245:7: note:   no known conversion for argument 1 from ‘void’ to ‘const void*’
In file included from /usr/include/c++/4.8/ostream:609:0,
                 from /usr/include/c++/4.8/iostream:39,
                 from ../src/tictactoe.cpp:1:
/usr/include/c++/4.8/bits/ostream.tcc:119:5: note: std::basic_ostream<_CharT, _Traits>& std::basic_ostream<_CharT, _Traits>::operator<<(std::basic_ostream<_CharT, _Traits>::__streambuf_type*) [with _CharT = char; _Traits = std::char_traits<char>; std::basic_ostream<_CharT, _Traits>::__streambuf_type = std::basic_streambuf<char>]
     basic_ostream<_CharT, _Traits>::
     ^
/usr/include/c++/4.8/bits/ostream.tcc:119:5: note:   no known conversion for argument 1 from ‘void’ to ‘std::basic_ostream<char>::__streambuf_type* {aka std::basic_streambuf<char>*}’
In file included from /usr/include/c++/4.8/string:52:0,
                 from /usr/include/c++/4.8/bits/locale_classes.h:40,
                 from /usr/include/c++/4.8/bits/ios_base.h:41,
                 from /usr/include/c++/4.8/ios:42,
                 from /usr/include/c++/4.8/ostream:38,
                 from /usr/include/c++/4.8/iostream:39,
                 from ../src/tictactoe.cpp:1:
/usr/include/c++/4.8/bits/basic_string.h:2753:5: note: template<class _CharT, class _Traits, class _Alloc> std::basic_ostream<_CharT, _Traits>& std::operator<<(std::basic_ostream<_CharT, _Traits>&, const std::basic_string<_CharT, _Traits, _Alloc>&)
     operator<<(basic_ostream<_CharT, _Traits>& __os,
     ^
/usr/include/c++/4.8/bits/basic_string.h:2753:5: note:   template argument deduction/substitution failed:
../src/tictactoe.cpp:36:27: note:   mismatched types ‘const std::basic_string<_CharT, _Traits, _Alloc>’ and ‘void’
  cout << printCell(3, t[3]) << "|" << printCell(4, t[4]) << "|" << printCell(5, t[5]) << endl;
                           ^
In file included from /usr/include/c++/4.8/iostream:39:0,
                 from ../src/tictactoe.cpp:1:
/usr/include/c++/4.8/ostream:471:5: note: template<class _CharT, class _Traits> std::basic_ostream<_CharT, _Traits>& std::operator<<(std::basic_ostream<_CharT, _Traits>&, _CharT)
     operator<<(basic_ostream<_CharT, _Traits>& __out, _CharT __c)
     ^
/usr/include/c++/4.8/ostream:471:5: note:   template argument deduction/substitution failed:
../src/tictactoe.cpp:36:27: note:   deduced conflicting types for parameter ‘_CharT’ (‘char’ and ‘void’)
  cout << printCell(3, t[3]) << "|" << printCell(4, t[4]) << "|" << printCell(5, t[5]) << endl;
                           ^
In file included from /usr/include/c++/4.8/iostream:39:0,
                 from ../src/tictactoe.cpp:1:
/usr/include/c++/4.8/ostream:476:5: note: template<class _CharT, class _Traits> std::basic_ostream<_CharT, _Traits>& std::operator<<(std::basic_ostream<_CharT, _Traits>&, char)
     operator<<(basic_ostream<_CharT, _Traits>& __out, char __c)
     ^
/usr/include/c++/4.8/ostream:476:5: note:   template argument deduction/substitution failed:
../src/tictactoe.cpp:36:27: note:   cannot convert ‘printCell(3, (*(t + 12u)))’ (type ‘void’) to type ‘char’
  cout << printCell(3, t[3]) << "|" << printCell(4, t[4]) << "|" << printCell(5, t[5]) << endl;
                           ^
In file included from /usr/include/c++/4.8/iostream:39:0,
                 from ../src/tictactoe.cpp:1:
/usr/include/c++/4.8/ostream:482:5: note: template<class _Traits> std::basic_ostream<char, _Traits>& std::operator<<(std::basic_ostream<char, _Traits>&, char)
     operator<<(basic_ostream<char, _Traits>& __out, char __c)
     ^
/usr/include/c++/4.8/ostream:482:5: note:   template argument deduction/substitution failed:
../src/tictactoe.cpp:36:27: note:   cannot convert ‘printCell(3, (*(t + 12u)))’ (type ‘void’) to type ‘char’
  cout << printCell(3, t[3]) << "|" << printCell(4, t[4]) << "|" << printCell(5, t[5]) << endl;
                           ^
In file included from /usr/include/c++/4.8/iostream:39:0,
                 from ../src/tictactoe.cpp:1:
/usr/include/c++/4.8/ostream:488:5: note: template<class _Traits> std::basic_ostream<char, _Traits>& std::operator<<(std::basic_ostream<char, _Traits>&, signed char)
     operator<<(basic_ostream<char, _Traits>& __out, signed char __c)
     ^
/usr/include/c++/4.8/ostream:488:5: note:   template argument deduction/substitution failed:
../src/tictactoe.cpp:36:27: note:   cannot convert ‘printCell(3, (*(t + 12u)))’ (type ‘void’) to type ‘signed char’
  cout << printCell(3, t[3]) << "|" << printCell(4, t[4]) << "|" << printCell(5, t[5]) << endl;
                           ^
In file included from /usr/include/c++/4.8/iostream:39:0,
                 from ../src/tictactoe.cpp:1:
/usr/include/c++/4.8/ostream:493:5: note: template<class _Traits> std::basic_ostream<char, _Traits>& std::operator<<(std::basic_ostream<char, _Traits>&, unsigned char)
     operator<<(basic_ostream<char, _Traits>& __out, unsigned char __c)
     ^
/usr/include/c++/4.8/ostream:493:5: note:   template argument deduction/substitution failed:
../src/tictactoe.cpp:36:27: note:   cannot convert ‘printCell(3, (*(t + 12u)))’ (type ‘void’) to type ‘unsigned char’
  cout << printCell(3, t[3]) << "|" << printCell(4, t[4]) << "|" << printCell(5, t[5]) << endl;
                           ^
In file included from /usr/include/c++/4.8/iostream:39:0,
                 from ../src/tictactoe.cpp:1:
/usr/include/c++/4.8/ostream:513:5: note: template<class _CharT, class _Traits> std::basic_ostream<_CharT, _Traits>& std::operator<<(std::basic_ostream<_CharT, _Traits>&, const _CharT*)
     operator<<(basic_ostream<_CharT, _Traits>& __out, const _CharT* __s)
     ^
/usr/include/c++/4.8/ostream:513:5: note:   template argument deduction/substitution failed:
../src/tictactoe.cpp:36:27: note:   mismatched types ‘const _CharT*’ and ‘void’
  cout << printCell(3, t[3]) << "|" << printCell(4, t[4]) << "|" << printCell(5, t[5]) << endl;
                           ^
In file included from /usr/include/c++/4.8/ostream:609:0,
                 from /usr/include/c++/4.8/iostream:39,
                 from ../src/tictactoe.cpp:1:
/usr/include/c++/4.8/bits/ostream.tcc:321:5: note: template<class _CharT, class _Traits> std::basic_ostream<_CharT, _Traits>& std::operator<<(std::basic_ostream<_CharT, _Traits>&, const char*)
     operator<<(basic_ostream<_CharT, _Traits>& __out, const char* __s)
     ^
/usr/include/c++/4.8/bits/ostream.tcc:321:5: note:   template argument deduction/substitution failed:
../src/tictactoe.cpp:36:27: note:   cannot convert ‘printCell(3, (*(t + 12u)))’ (type ‘void’) to type ‘const char*’
  cout << printCell(3, t[3]) << "|" << printCell(4, t[4]) << "|" << printCell(5, t[5]) << endl;
                           ^
In file included from /usr/include/c++/4.8/iostream:39:0,
                 from ../src/tictactoe.cpp:1:
/usr/include/c++/4.8/ostream:530:5: note: template<class _Traits> std::basic_ostream<char, _Traits>& std::operator<<(std::basic_ostream<char, _Traits>&, const char*)
     operator<<(basic_ostream<char, _Traits>& __out, const char* __s)
     ^
/usr/include/c++/4.8/ostream:530:5: note:   template argument deduction/substitution failed:
../src/tictactoe.cpp:36:27: note:   cannot convert ‘printCell(3, (*(t + 12u)))’ (type ‘void’) to type ‘const char*’
  cout << printCell(3, t[3]) << "|" << printCell(4, t[4]) << "|" << printCell(5, t[5]) << endl;
                           ^
In file included from /usr/include/c++/4.8/iostream:39:0,
                 from ../src/tictactoe.cpp:1:
/usr/include/c++/4.8/ostream:543:5: note: template<class _Traits> std::basic_ostream<char, _Traits>& std::operator<<(std::basic_ostream<char, _Traits>&, const signed char*)
     operator<<(basic_ostream<char, _Traits>& __out, const signed char* __s)
     ^
/usr/include/c++/4.8/ostream:543:5: note:   template argument deduction/substitution failed:
../src/tictactoe.cpp:36:27: note:   cannot convert ‘printCell(3, (*(t + 12u)))’ (type ‘void’) to type ‘const signed char*’
  cout << printCell(3, t[3]) << "|" << printCell(4, t[4]) << "|" << printCell(5, t[5]) << endl;
                           ^
In file included from /usr/include/c++/4.8/iostream:39:0,
                 from ../src/tictactoe.cpp:1:
/usr/include/c++/4.8/ostream:548:5: note: template<class _Traits> std::basic_ostream<char, _Traits>& std::operator<<(std::basic_ostream<char, _Traits>&, const unsigned char*)
     operator<<(basic_ostream<char, _Traits>& __out, const unsigned char* __s)
     ^
/usr/include/c++/4.8/ostream:548:5: note:   template argument deduction/substitution failed:
../src/tictactoe.cpp:36:27: note:   cannot convert ‘printCell(3, (*(t + 12u)))’ (type ‘void’) to type ‘const unsigned char*’
  cout << printCell(3, t[3]) << "|" << printCell(4, t[4]) << "|" << printCell(5, t[5]) << endl;
                           ^
../src/tictactoe.cpp:37:7: error: no match for ‘operator<<’ (operand types are ‘std::ostream {aka std::basic_ostream<char>}’ and ‘void’)
  cout << printCell(6, t[6]) << "|" << printCell(7, t[7]) << "|" << printCell(8, t[8]) << endl;
       ^
../src/tictactoe.cpp:37:7: note: candidates are:
In file included from /usr/include/c++/4.8/iostream:39:0,
                 from ../src/tictactoe.cpp:1:
/usr/include/c++/4.8/ostream:108:7: note: std::basic_ostream<_CharT, _Traits>::__ostream_type& std::basic_ostream<_CharT, _Traits>::operator<<(std::basic_ostream<_CharT, _Traits>::__ostream_type& (*)(std::basic_ostream<_CharT, _Traits>::__ostream_type&)) [with _CharT = char; _Traits = std::char_traits<char>; std::basic_ostream<_CharT, _Traits>::__ostream_type = std::basic_ostream<char>]
       operator<<(__ostream_type& (*__pf)(__ostream_type&))
       ^
/usr/include/c++/4.8/ostream:108:7: note:   no known conversion for argument 1 from ‘void’ to ‘std::basic_ostream<char>::__ostream_type& (*)(std::basic_ostream<char>::__ostream_type&) {aka std::basic_ostream<char>& (*)(std::basic_ostream<char>&)}’
/usr/include/c++/4.8/ostream:117:7: note: std::basic_ostream<_CharT, _Traits>::__ostream_type& std::basic_ostream<_CharT, _Traits>::operator<<(std::basic_ostream<_CharT, _Traits>::__ios_type& (*)(std::basic_ostream<_CharT, _Traits>::__ios_type&)) [with _CharT = char; _Traits = std::char_traits<char>; std::basic_ostream<_CharT, _Traits>::__ostream_type = std::basic_ostream<char>; std::basic_ostream<_CharT, _Traits>::__ios_type = std::basic_ios<char>]
       operator<<(__ios_type& (*__pf)(__ios_type&))
       ^
/usr/include/c++/4.8/ostream:117:7: note:   no known conversion for argument 1 from ‘void’ to ‘std::basic_ostream<char>::__ios_type& (*)(std::basic_ostream<char>::__ios_type&) {aka std::basic_ios<char>& (*)(std::basic_ios<char>&)}’
/usr/include/c++/4.8/ostream:127:7: note: std::basic_ostream<_CharT, _Traits>::__ostream_type& std::basic_ostream<_CharT, _Traits>::operator<<(std::ios_base& (*)(std::ios_base&)) [with _CharT = char; _Traits = std::char_traits<char>; std::basic_ostream<_CharT, _Traits>::__ostream_type = std::basic_ostream<char>]
       operator<<(ios_base& (*__pf) (ios_base&))
       ^
/usr/include/c++/4.8/ostream:127:7: note:   no known conversion for argument 1 from ‘void’ to ‘std::ios_base& (*)(std::ios_base&)’
/usr/include/c++/4.8/ostream:166:7: note: std::basic_ostream<_CharT, _Traits>::__ostream_type& std::basic_ostream<_CharT, _Traits>::operator<<(long int) [with _CharT = char; _Traits = std::char_traits<char>; std::basic_ostream<_CharT, _Traits>::__ostream_type = std::basic_ostream<char>]
       operator<<(long __n)
       ^
/usr/include/c++/4.8/ostream:166:7: note:   no known conversion for argument 1 from ‘void’ to ‘long int’
/usr/include/c++/4.8/ostream:170:7: note: std::basic_ostream<_CharT, _Traits>::__ostream_type& std::basic_ostream<_CharT, _Traits>::operator<<(long unsigned int) [with _CharT = char; _Traits = std::char_traits<char>; std::basic_ostream<_CharT, _Traits>::__ostream_type = std::basic_ostream<char>]
       operator<<(unsigned long __n)
       ^
/usr/include/c++/4.8/ostream:170:7: note:   no known conversion for argument 1 from ‘void’ to ‘long unsigned int’
/usr/include/c++/4.8/ostream:174:7: note: std::basic_ostream<_CharT, _Traits>::__ostream_type& std::basic_ostream<_CharT, _Traits>::operator<<(bool) [with _CharT = char; _Traits = std::char_traits<char>; std::basic_ostream<_CharT, _Traits>::__ostream_type = std::basic_ostream<char>]
       operator<<(bool __n)
       ^
/usr/include/c++/4.8/ostream:174:7: note:   no known conversion for argument 1 from ‘void’ to ‘bool’
In file included from /usr/include/c++/4.8/ostream:609:0,
                 from /usr/include/c++/4.8/iostream:39,
                 from ../src/tictactoe.cpp:1:
/usr/include/c++/4.8/bits/ostream.tcc:91:5: note: std::basic_ostream<_CharT, _Traits>& std::basic_ostream<_CharT, _Traits>::operator<<(short int) [with _CharT = char; _Traits = std::char_traits<char>]
     basic_ostream<_CharT, _Traits>::
     ^
/usr/include/c++/4.8/bits/ostream.tcc:91:5: note:   no known conversion for argument 1 from ‘void’ to ‘short int’
In file included from /usr/include/c++/4.8/iostream:39:0,
                 from ../src/tictactoe.cpp:1:
/usr/include/c++/4.8/ostream:181:7: note: std::basic_ostream<_CharT, _Traits>::__ostream_type& std::basic_ostream<_CharT, _Traits>::operator<<(short unsigned int) [with _CharT = char; _Traits = std::char_traits<char>; std::basic_ostream<_CharT, _Traits>::__ostream_type = std::basic_ostream<char>]
       operator<<(unsigned short __n)
       ^
/usr/include/c++/4.8/ostream:181:7: note:   no known conversion for argument 1 from ‘void’ to ‘short unsigned int’
In file included from /usr/include/c++/4.8/ostream:609:0,
                 from /usr/include/c++/4.8/iostream:39,
                 from ../src/tictactoe.cpp:1:
/usr/include/c++/4.8/bits/ostream.tcc:105:5: note: std::basic_ostream<_CharT, _Traits>& std::basic_ostream<_CharT, _Traits>::operator<<(int) [with _CharT = char; _Traits = std::char_traits<char>]
     basic_ostream<_CharT, _Traits>::
     ^
/usr/include/c++/4.8/bits/ostream.tcc:105:5: note:   no known conversion for argument 1 from ‘void’ to ‘int’
In file included from /usr/include/c++/4.8/iostream:39:0,
                 from ../src/tictactoe.cpp:1:
/usr/include/c++/4.8/ostream:192:7: note: std::basic_ostream<_CharT, _Traits>::__ostream_type& std::basic_ostream<_CharT, _Traits>::operator<<(unsigned int) [with _CharT = char; _Traits = std::char_traits<char>; std::basic_ostream<_CharT, _Traits>::__ostream_type = std::basic_ostream<char>]
       operator<<(unsigned int __n)
       ^
/usr/include/c++/4.8/ostream:192:7: note:   no known conversion for argument 1 from ‘void’ to ‘unsigned int’
/usr/include/c++/4.8/ostream:201:7: note: std::basic_ostream<_CharT, _Traits>::__ostream_type& std::basic_ostream<_CharT, _Traits>::operator<<(long long int) [with _CharT = char; _Traits = std::char_traits<char>; std::basic_ostream<_CharT, _Traits>::__ostream_type = std::basic_ostream<char>]
       operator<<(long long __n)
       ^
/usr/include/c++/4.8/ostream:201:7: note:   no known conversion for argument 1 from ‘void’ to ‘long long int’
/usr/include/c++/4.8/ostream:205:7: note: std::basic_ostream<_CharT, _Traits>::__ostream_type& std::basic_ostream<_CharT, _Traits>::operator<<(long long unsigned int) [with _CharT = char; _Traits = std::char_traits<char>; std::basic_ostream<_CharT, _Traits>::__ostream_type = std::basic_ostream<char>]
       operator<<(unsigned long long __n)
       ^
/usr/include/c++/4.8/ostream:205:7: note:   no known conversion for argument 1 from ‘void’ to ‘long long unsigned int’
/usr/include/c++/4.8/ostream:220:7: note: std::basic_ostream<_CharT, _Traits>::__ostream_type& std::basic_ostream<_CharT, _Traits>::operator<<(double) [with _CharT = char; _Traits = std::char_traits<char>; std::basic_ostream<_CharT, _Traits>::__ostream_type = std::basic_ostream<char>]
       operator<<(double __f)
       ^
/usr/include/c++/4.8/ostream:220:7: note:   no known conversion for argument 1 from ‘void’ to ‘double’
/usr/include/c++/4.8/ostream:224:7: note: std::basic_ostream<_CharT, _Traits>::__ostream_type& std::basic_ostream<_CharT, _Traits>::operator<<(float) [with _CharT = char; _Traits = std::char_traits<char>; std::basic_ostream<_CharT, _Traits>::__ostream_type = std::basic_ostream<char>]
       operator<<(float __f)
       ^
/usr/include/c++/4.8/ostream:224:7: note:   no known conversion for argument 1 from ‘void’ to ‘float’
/usr/include/c++/4.8/ostream:232:7: note: std::basic_ostream<_CharT, _Traits>::__ostream_type& std::basic_ostream<_CharT, _Traits>::operator<<(long double) [with _CharT = char; _Traits = std::char_traits<char>; std::basic_ostream<_CharT, _Traits>::__ostream_type = std::basic_ostream<char>]
       operator<<(long double __f)
       ^
/usr/include/c++/4.8/ostream:232:7: note:   no known conversion for argument 1 from ‘void’ to ‘long double’
/usr/include/c++/4.8/ostream:245:7: note: std::basic_ostream<_CharT, _Traits>::__ostream_type& std::basic_ostream<_CharT, _Traits>::operator<<(const void*) [with _CharT = char; _Traits = std::char_traits<char>; std::basic_ostream<_CharT, _Traits>::__ostream_type = std::basic_ostream<char>]
       operator<<(const void* __p)
       ^
/usr/include/c++/4.8/ostream:245:7: note:   no known conversion for argument 1 from ‘void’ to ‘const void*’
In file included from /usr/include/c++/4.8/ostream:609:0,
                 from /usr/include/c++/4.8/iostream:39,
                 from ../src/tictactoe.cpp:1:
/usr/include/c++/4.8/bits/ostream.tcc:119:5: note: std::basic_ostream<_CharT, _Traits>& std::basic_ostream<_CharT, _Traits>::operator<<(std::basic_ostream<_CharT, _Traits>::__streambuf_type*) [with _CharT = char; _Traits = std::char_traits<char>; std::basic_ostream<_CharT, _Traits>::__streambuf_type = std::basic_streambuf<char>]
     basic_ostream<_CharT, _Traits>::
     ^
/usr/include/c++/4.8/bits/ostream.tcc:119:5: note:   no known conversion for argument 1 from ‘void’ to ‘std::basic_ostream<char>::__streambuf_type* {aka std::basic_streambuf<char>*}’
In file included from /usr/include/c++/4.8/string:52:0,
                 from /usr/include/c++/4.8/bits/locale_classes.h:40,
                 from /usr/include/c++/4.8/bits/ios_base.h:41,
                 from /usr/include/c++/4.8/ios:42,
                 from /usr/include/c++/4.8/ostream:38,
                 from /usr/include/c++/4.8/iostream:39,
                 from ../src/tictactoe.cpp:1:
/usr/include/c++/4.8/bits/basic_string.h:2753:5: note: template<class _CharT, class _Traits, class _Alloc> std::basic_ostream<_CharT, _Traits>& std::operator<<(std::basic_ostream<_CharT, _Traits>&, const std::basic_string<_CharT, _Traits, _Alloc>&)
     operator<<(basic_ostream<_CharT, _Traits>& __os,
     ^
/usr/include/c++/4.8/bits/basic_string.h:2753:5: note:   template argument deduction/substitution failed:
../src/tictactoe.cpp:37:27: note:   mismatched types ‘const std::basic_string<_CharT, _Traits, _Alloc>’ and ‘void’
  cout << printCell(6, t[6]) << "|" << printCell(7, t[7]) << "|" << printCell(8, t[8]) << endl;
                           ^
In file included from /usr/include/c++/4.8/iostream:39:0,
                 from ../src/tictactoe.cpp:1:
/usr/include/c++/4.8/ostream:471:5: note: template<class _CharT, class _Traits> std::basic_ostream<_CharT, _Traits>& std::operator<<(std::basic_ostream<_CharT, _Traits>&, _CharT)
     operator<<(basic_ostream<_CharT, _Traits>& __out, _CharT __c)
     ^
/usr/include/c++/4.8/ostream:471:5: note:   template argument deduction/substitution failed:
../src/tictactoe.cpp:37:27: note:   deduced conflicting types for parameter ‘_CharT’ (‘char’ and ‘void’)
  cout << printCell(6, t[6]) << "|" << printCell(7, t[7]) << "|" << printCell(8, t[8]) << endl;
                           ^
In file included from /usr/include/c++/4.8/iostream:39:0,
                 from ../src/tictactoe.cpp:1:
/usr/include/c++/4.8/ostream:476:5: note: template<class _CharT, class _Traits> std::basic_ostream<_CharT, _Traits>& std::operator<<(std::basic_ostream<_CharT, _Traits>&, char)
     operator<<(basic_ostream<_CharT, _Traits>& __out, char __c)
     ^
/usr/include/c++/4.8/ostream:476:5: note:   template argument deduction/substitution failed:
../src/tictactoe.cpp:37:27: note:   cannot convert ‘printCell(6, (*(t + 24u)))’ (type ‘void’) to type ‘char’
  cout << printCell(6, t[6]) << "|" << printCell(7, t[7]) << "|" << printCell(8, t[8]) << endl;
                           ^
In file included from /usr/include/c++/4.8/iostream:39:0,
                 from ../src/tictactoe.cpp:1:
/usr/include/c++/4.8/ostream:482:5: note: template<class _Traits> std::basic_ostream<char, _Traits>& std::operator<<(std::basic_ostream<char, _Traits>&, char)
     operator<<(basic_ostream<char, _Traits>& __out, char __c)
     ^
/usr/include/c++/4.8/ostream:482:5: note:   template argument deduction/substitution failed:
../src/tictactoe.cpp:37:27: note:   cannot convert ‘printCell(6, (*(t + 24u)))’ (type ‘void’) to type ‘char’
  cout << printCell(6, t[6]) << "|" << printCell(7, t[7]) << "|" << printCell(8, t[8]) << endl;
                           ^
In file included from /usr/include/c++/4.8/iostream:39:0,
                 from ../src/tictactoe.cpp:1:
/usr/include/c++/4.8/ostream:488:5: note: template<class _Traits> std::basic_ostream<char, _Traits>& std::operator<<(std::basic_ostream<char, _Traits>&, signed char)
     operator<<(basic_ostream<char, _Traits>& __out, signed char __c)
     ^
/usr/include/c++/4.8/ostream:488:5: note:   template argument deduction/substitution failed:
../src/tictactoe.cpp:37:27: note:   cannot convert ‘printCell(6, (*(t + 24u)))’ (type ‘void’) to type ‘signed char’
  cout << printCell(6, t[6]) << "|" << printCell(7, t[7]) << "|" << printCell(8, t[8]) << endl;
                           ^
In file included from /usr/include/c++/4.8/iostream:39:0,
                 from ../src/tictactoe.cpp:1:
/usr/include/c++/4.8/ostream:493:5: note: template<class _Traits> std::basic_ostream<char, _Traits>& std::operator<<(std::basic_ostream<char, _Traits>&, unsigned char)
     operator<<(basic_ostream<char, _Traits>& __out, unsigned char __c)
     ^
/usr/include/c++/4.8/ostream:493:5: note:   template argument deduction/substitution failed:
../src/tictactoe.cpp:37:27: note:   cannot convert ‘printCell(6, (*(t + 24u)))’ (type ‘void’) to type ‘unsigned char’
  cout << printCell(6, t[6]) << "|" << printCell(7, t[7]) << "|" << printCell(8, t[8]) << endl;
                           ^
In file included from /usr/include/c++/4.8/iostream:39:0,
                 from ../src/tictactoe.cpp:1:
/usr/include/c++/4.8/ostream:513:5: note: template<class _CharT, class _Traits> std::basic_ostream<_CharT, _Traits>& std::operator<<(std::basic_ostream<_CharT, _Traits>&, const _CharT*)
     operator<<(basic_ostream<_CharT, _Traits>& __out, const _CharT* __s)
     ^
/usr/include/c++/4.8/ostream:513:5: note:   template argument deduction/substitution failed:
../src/tictactoe.cpp:37:27: note:   mismatched types ‘const _CharT*’ and ‘void’
  cout << printCell(6, t[6]) << "|" << printCell(7, t[7]) << "|" << printCell(8, t[8]) << endl;
                           ^
In file included from /usr/include/c++/4.8/ostream:609:0,
                 from /usr/include/c++/4.8/iostream:39,
                 from ../src/tictactoe.cpp:1:
/usr/include/c++/4.8/bits/ostream.tcc:321:5: note: template<class _CharT, class _Traits> std::basic_ostream<_CharT, _Traits>& std::operator<<(std::basic_ostream<_CharT, _Traits>&, const char*)
     operator<<(basic_ostream<_CharT, _Traits>& __out, const char* __s)
     ^
/usr/include/c++/4.8/bits/ostream.tcc:321:5: note:   template argument deduction/substitution failed:
../src/tictactoe.cpp:37:27: note:   cannot convert ‘printCell(6, (*(t + 24u)))’ (type ‘void’) to type ‘const char*’
  cout << printCell(6, t[6]) << "|" << printCell(7, t[7]) << "|" << printCell(8, t[8]) << endl;
                           ^
In file included from /usr/include/c++/4.8/iostream:39:0,
                 from ../src/tictactoe.cpp:1:
/usr/include/c++/4.8/ostream:530:5: note: template<class _Traits> std::basic_ostream<char, _Traits>& std::operator<<(std::basic_ostream<char, _Traits>&, const char*)
     operator<<(basic_ostream<char, _Traits>& __out, const char* __s)
     ^
/usr/include/c++/4.8/ostream:530:5: note:   template argument deduction/substitution failed:
../src/tictactoe.cpp:37:27: note:   cannot convert ‘printCell(6, (*(t + 24u)))’ (type ‘void’) to type ‘const char*’
  cout << printCell(6, t[6]) << "|" << printCell(7, t[7]) << "|" << printCell(8, t[8]) << endl;
                           ^
In file included from /usr/include/c++/4.8/iostream:39:0,
                 from ../src/tictactoe.cpp:1:
/usr/include/c++/4.8/ostream:543:5: note: template<class _Traits> std::basic_ostream<char, _Traits>& std::operator<<(std::basic_ostream<char, _Traits>&, const signed char*)
     operator<<(basic_ostream<char, _Traits>& __out, const signed char* __s)
     ^
/usr/include/c++/4.8/ostream:543:5: note:   template argument deduction/substitution failed:
../src/tictactoe.cpp:37:27: note:   cannot convert ‘printCell(6, (*(t + 24u)))’ (type ‘void’) to type ‘const signed char*’
  cout << printCell(6, t[6]) << "|" << printCell(7, t[7]) << "|" << printCell(8, t[8]) << endl;
                           ^
In file included from /usr/include/c++/4.8/iostream:39:0,
                 from ../src/tictactoe.cpp:1:
/usr/include/c++/4.8/ostream:548:5: note: template<class _Traits> std::basic_ostream<char, _Traits>& std::operator<<(std::basic_ostream<char, _Traits>&, const unsigned char*)
     operator<<(basic_ostream<char, _Traits>& __out, const unsigned char* __s)
     ^
/usr/include/c++/4.8/ostream:548:5: note:   template argument deduction/substitution failed:
../src/tictactoe.cpp:37:27: note:   cannot convert ‘printCell(6, (*(t + 24u)))’ (type ‘void’) to type ‘const unsigned char*’
  cout << printCell(6, t[6]) << "|" << printCell(7, t[7]) << "|" << printCell(8, t[8]) << endl;
                           ^
make: *** [src/tictactoe.o] Error 1
12:36:33 **** Incremental Build of configuration Debug for project tateti ****
make all 
Building file: ../src/tictactoe.cpp
Invoking: GCC C++ Compiler
g++ -O0 -g3 -Wall -c -fmessage-length=0 -MMD -MP -MF"src/tictactoe.d" -MT"src/tictactoe.d" -o "src/tictactoe.o" "../src/tictactoe.cpp"
Finished building: ../src/tictactoe.cpp
 
Building target: tateti
Invoking: GCC C++ Linker
g++  -o "tateti"  ./src/main.o ./src/tictactoe.o   
Finished building target: tateti
 
12:37:04 **** Incremental Build of configuration Debug for project tateti ****
make all 
Building file: ../src/tictactoe.cpp
Invoking: GCC C++ Compiler
g++ -O0 -g3 -Wall -c -fmessage-length=0 -MMD -MP -MF"src/tictactoe.d" -MT"src/tictactoe.d" -o "src/tictactoe.o" "../src/tictactoe.cpp"
Finished building: ../src/tictactoe.cpp
 
Building target: tateti
Invoking: GCC C++ Linker
g++  -o "tateti"  ./src/main.o ./src/tictactoe.o   
Finished building target: tateti
 
12:37:28 **** Incremental Build of configuration Debug for project tateti ****
make all 
Building file: ../src/tictactoe.cpp
Invoking: GCC C++ Compiler
g++ -O0 -g3 -Wall -c -fmessage-length=0 -MMD -MP -MF"src/tictactoe.d" -MT"src/tictactoe.d" -o "src/tictactoe.o" "../src/tictactoe.cpp"
Finished building: ../src/tictactoe.cpp
 
Building target: tateti
Invoking: GCC C++ Linker
g++  -o "tateti"  ./src/main.o ./src/tictactoe.o   
Finished building target: tateti
 
12:37:45 **** Incremental Build of configuration Debug for project tateti ****
make all 
Building file: ../src/tictactoe.cpp
Invoking: GCC C++ Compiler
g++ -O0 -g3 -Wall -c -fmessage-length=0 -MMD -MP -MF"src/tictactoe.d" -MT"src/tictactoe.d" -o "src/tictactoe.o" "../src/tictactoe.cpp"
Finished building: ../src/tictactoe.cpp
 
Building target: tateti
Invoking: GCC C++ Linker
g++  -o "tateti"  ./src/main.o ./src/tictactoe.o   
Finished building target: tateti
 
12:39:14 **** Incremental Build of configuration Debug for project tateti ****
make all 
Building file: ../src/tictactoe.cpp
Invoking: GCC C++ Compiler
g++ -O0 -g3 -Wall -c -fmessage-length=0 -MMD -MP -MF"src/tictactoe.d" -MT"src/tictactoe.d" -o "src/tictactoe.o" "../src/tictactoe.cpp"
Finished building: ../src/tictactoe.cpp
 
Building target: tateti
Invoking: GCC C++ Linker
g++  -o "tateti"  ./src/main.o ./src/tictactoe.o   
Finished building target: tateti
 
12:39:23 **** Incremental Build of configuration Debug for project tateti ****
make all 
Building file: ../src/tictactoe.cpp
Invoking: GCC C++ Compiler
g++ -O0 -g3 -Wall -c -fmessage-length=0 -MMD -MP -MF"src/tictactoe.d" -MT"src/tictactoe.d" -o "src/tictactoe.o" "../src/tictactoe.cpp"
Finished building: ../src/tictactoe.cpp
 
Building target: tateti
Invoking: GCC C++ Linker
g++  -o "tateti"  ./src/main.o ./src/tictactoe.o   
Finished building target: tateti
 
12:40:30 **** Incremental Build of configuration Debug for project tateti ****
make all 
Building file: ../src/tictactoe.cpp
Invoking: GCC C++ Compiler
g++ -O0 -g3 -Wall -c -fmessage-length=0 -MMD -MP -MF"src/tictactoe.d" -MT"src/tictactoe.d" -o "src/tictactoe.o" "../src/tictactoe.cpp"
Finished building: ../src/tictactoe.cpp
 
Building target: tateti
Invoking: GCC C++ Linker
g++  -o "tateti"  ./src/main.o ./src/tictactoe.o   
Finished building target: tateti
 
12:42:16 **** Incremental Build of configuration Debug for project tateti ****
make all 
Building file: ../src/tictactoe.cpp
Invoking: GCC C++ Compiler
g++ -O0 -g3 -Wall -c -fmessage-length=0 -MMD -MP -MF"src/tictactoe.d" -MT"src/tictactoe.d" -o "src/tictactoe.o" "../src/tictactoe.cpp"
Finished building: ../src/tictactoe.cpp
 
Building target: tateti
Invoking: GCC C++ Linker
g++  -o "tateti"  ./src/main.o ./src/tictactoe.o   
Finished building target: tateti
 
12:42:24 **** Incremental Build of configuration Debug for project tateti ****
make all 
Building file: ../src/tictactoe.cpp
Invoking: GCC C++ Compiler
g++ -O0 -g3 -Wall -c -fmessage-length=0 -MMD -MP -MF"src/tictactoe.d" -MT"src/tictactoe.d" -o "src/tictactoe.o" "../src/tictactoe.cpp"
Finished building: ../src/tictactoe.cpp
 
Building target: tateti
Invoking: GCC C++ Linker
g++  -o "tateti"  ./src/main.o ./src/tictactoe.o   
Finished building target: tateti
 
12:42:30 **** Incremental Build of configuration Debug for project tateti ****
make all 
Building file: ../src/tictactoe.cpp
Invoking: GCC C++ Compiler
g++ -O0 -g3 -Wall -c -fmessage-length=0 -MMD -MP -MF"src/tictactoe.d" -MT"src/tictactoe.d" -o "src/tictactoe.o" "../src/tictactoe.cpp"
Finished building: ../src/tictactoe.cpp
 
Building target: tateti
Invoking: GCC C++ Linker
g++  -o "tateti"  ./src/main.o ./src/tictactoe.o   
Finished building target: tateti
 
12:42:59 **** Incremental Build of configuration Debug for project tateti ****
make all 
Building file: ../src/tictactoe.cpp
Invoking: GCC C++ Compiler
g++ -O0 -g3 -Wall -c -fmessage-length=0 -MMD -MP -MF"src/tictactoe.d" -MT"src/tictactoe.d" -o "src/tictactoe.o" "../src/tictactoe.cpp"
Finished building: ../src/tictactoe.cpp
 
Building target: tateti
Invoking: GCC C++ Linker
g++  -o "tateti"  ./src/main.o ./src/tictactoe.o   
Finished building target: tateti
 
12:44:20 **** Incremental Build of configuration Debug for project tateti ****
make all 
Building file: ../src/tictactoe.cpp
Invoking: GCC C++ Compiler
g++ -O0 -g3 -Wall -c -fmessage-length=0 -MMD -MP -MF"src/tictactoe.d" -MT"src/tictactoe.d" -o "src/tictactoe.o" "../src/tictactoe.cpp"
Finished building: ../src/tictactoe.cpp
 
Building target: tateti
Invoking: GCC C++ Linker
g++  -o "tateti"  ./src/main.o ./src/tictactoe.o   
Finished building target: tateti
 
12:46:11 **** Incremental Build of configuration Debug for project tateti ****
make all 
Building file: ../src/tictactoe.cpp
Invoking: GCC C++ Compiler
g++ -O0 -g3 -Wall -c -fmessage-length=0 -MMD -MP -MF"src/tictactoe.d" -MT"src/tictactoe.d" -o "src/tictactoe.o" "../src/tictactoe.cpp"
Finished building: ../src/tictactoe.cpp
 
Building target: tateti
Invoking: GCC C++ Linker
g++  -o "tateti"  ./src/main.o ./src/tictactoe.o   
Finished building target: tateti
 
12:50:41 **** Incremental Build of configuration Debug for project tateti ****
make all 
Building file: ../src/main.cpp
Invoking: GCC C++ Compiler
g++ -O0 -g3 -Wall -c -fmessage-length=0 -MMD -MP -MF"src/main.d" -MT"src/main.d" -o "src/main.o" "../src/main.cpp"
Finished building: ../src/main.cpp
 
Building file: ../src/tictactoe.cpp
Invoking: GCC C++ Compiler
g++ -O0 -g3 -Wall -c -fmessage-length=0 -MMD -MP -MF"src/tictactoe.d" -MT"src/tictactoe.d" -o "src/tictactoe.o" "../src/tictactoe.cpp"
Finished building: ../src/tictactoe.cpp
 
Building target: tateti
Invoking: GCC C++ Linker
g++  -o "tateti"  ./src/main.o ./src/tictactoe.o   
Finished building target: tateti
 
12:51:17 **** Incremental Build of configuration Debug for project tateti ****
make all 
Building file: ../src/tictactoe.cpp
Invoking: GCC C++ Compiler
g++ -O0 -g3 -Wall -c -fmessage-length=0 -MMD -MP -MF"src/tictactoe.d" -MT"src/tictactoe.d" -o "src/tictactoe.o" "../src/tictactoe.cpp"
Finished building: ../src/tictactoe.cpp
 
Building target: tateti
Invoking: GCC C++ Linker
g++  -o "tateti"  ./src/main.o ./src/tictactoe.o   
Finished building target: tateti
 
12:51:47 **** Incremental Build of configuration Debug for project tateti ****
make all 
Building file: ../src/tictactoe.cpp
Invoking: GCC C++ Compiler
g++ -O0 -g3 -Wall -c -fmessage-length=0 -MMD -MP -MF"src/tictactoe.d" -MT"src/tictactoe.d" -o "src/tictactoe.o" "../src/tictactoe.cpp"
../src/tictactoe.cpp: In function ‘void print(TicTacToe)’:
../src/tictactoe.cpp:69:4: error: expected ‘)’ before ‘printVerticalSeparator’
    printVerticalSeparator();
    ^
make: *** [src/tictactoe.o] Error 1
12:52:00 **** Incremental Build of configuration Debug for project tateti ****
make all 
Building file: ../src/tictactoe.cpp
Invoking: GCC C++ Compiler
g++ -O0 -g3 -Wall -c -fmessage-length=0 -MMD -MP -MF"src/tictactoe.d" -MT"src/tictactoe.d" -o "src/tictactoe.o" "../src/tictactoe.cpp"
Finished building: ../src/tictactoe.cpp
 
Building target: tateti
Invoking: GCC C++ Linker
g++  -o "tateti"  ./src/main.o ./src/tictactoe.o   
Finished building target: tateti
 
12:52:30 **** Incremental Build of configuration Debug for project tateti ****
make all 
Building file: ../src/main.cpp
Invoking: GCC C++ Compiler
g++ -O0 -g3 -Wall -c -fmessage-length=0 -MMD -MP -MF"src/main.d" -MT"src/main.d" -o "src/main.o" "../src/main.cpp"
Finished building: ../src/main.cpp
 
Building file: ../src/tictactoe.cpp
Invoking: GCC C++ Compiler
g++ -O0 -g3 -Wall -c -fmessage-length=0 -MMD -MP -MF"src/tictactoe.d" -MT"src/tictactoe.d" -o "src/tictactoe.o" "../src/tictactoe.cpp"
Finished building: ../src/tictactoe.cpp
 
Building target: tateti
Invoking: GCC C++ Linker
g++  -o "tateti"  ./src/main.o ./src/tictactoe.o   
Finished building target: tateti
 
13:03:23 **** Incremental Build of configuration Debug for project tateti ****
make all 
Building file: ../src/tictactoe.cpp
Invoking: GCC C++ Compiler
g++ -O0 -g3 -Wall -c -fmessage-length=0 -MMD -MP -MF"src/tictactoe.d" -MT"src/tictactoe.d" -o "src/tictactoe.o" "../src/tictactoe.cpp"
../src/tictactoe.cpp: In function ‘bool check(TicTacToe, int, int, int)’:
../src/tictactoe.cpp:48:31: warning: suggest parentheses around comparison in operand of ‘==’ [-Wparentheses]
  return t[x] != empty && t[x] == t[y] == t[z];
                               ^
Finished building: ../src/tictactoe.cpp
 
Building target: tateti
Invoking: GCC C++ Linker
g++  -o "tateti"  ./src/main.o ./src/tictactoe.o   
Finished building target: tateti
 
13:03:49 **** Incremental Build of configuration Debug for project tateti ****
make all 
Building file: ../src/tictactoe.cpp
Invoking: GCC C++ Compiler
g++ -O0 -g3 -Wall -c -fmessage-length=0 -MMD -MP -MF"src/tictactoe.d" -MT"src/tictactoe.d" -o "src/tictactoe.o" "../src/tictactoe.cpp"
../src/tictactoe.cpp: In function ‘bool check(TicTacToe, int, int, int)’:
../src/tictactoe.cpp:48:32: warning: suggest parentheses around comparison in operand of ‘==’ [-Wparentheses]
  return t[x] != empty && (t[x] == t[y] == t[z]);
                                ^
Finished building: ../src/tictactoe.cpp
 
Building target: tateti
Invoking: GCC C++ Linker
g++  -o "tateti"  ./src/main.o ./src/tictactoe.o   
Finished building target: tateti
 
13:04:24 **** Incremental Build of configuration Debug for project tateti ****
make all 
Building file: ../src/tictactoe.cpp
Invoking: GCC C++ Compiler
g++ -O0 -g3 -Wall -c -fmessage-length=0 -MMD -MP -MF"src/tictactoe.d" -MT"src/tictactoe.d" -o "src/tictactoe.o" "../src/tictactoe.cpp"
Finished building: ../src/tictactoe.cpp
 
Building target: tateti
Invoking: GCC C++ Linker
g++  -o "tateti"  ./src/main.o ./src/tictactoe.o   
Finished building target: tateti
 
